<?xml version="1.0" encoding="UTF-8"?>
<gresources>
  <gresource prefix="/org/gnome/shell/tests">
    <file>test-theme.css</file>
  </gresource>
</gresources>
